{"level":"info","message":"Server is running on port 3000","service":"smart-hostel-api","timestamp":"2026-04-25 11:30:05"}
{"level":"info","message":"Environment: production","service":"smart-hostel-api","timestamp":"2026-04-25 11:30:05"}
{"level":"info","message":"Connected to MongoDB","service":"smart-hostel-api","timestamp":"2026-04-25 11:30:05"}
{"level":"info","message":"Connected to MongoDB","service":"smart-hostel-api","timestamp":"2026-04-25 11:30:05"}
{"level":"info","message":"Server is running on port 3000","service":"smart-hostel-api","timestamp":"2026-04-25 11:54:55"}
{"level":"info","message":"Environment: production","service":"smart-hostel-api","timestamp":"2026-04-25 11:54:55"}
{"level":"info","message":"Connected to MongoDB","service":"smart-hostel-api","timestamp":"2026-04-25 11:54:55"}
{"level":"info","message":"Connected to MongoDB","service":"smart-hostel-api","timestamp":"2026-04-25 11:54:55"}
{"level":"info","message":"Server is running on port 3000","service":"smart-hostel-api","timestamp":"2026-04-25 11:55:27"}
{"level":"info","message":"Environment: production","service":"smart-hostel-api","timestamp":"2026-04-25 11:55:27"}
{"level":"info","message":"Connected to MongoDB","service":"smart-hostel-api","timestamp":"2026-04-25 11:55:27"}
{"level":"info","message":"Connected to MongoDB","service":"smart-hostel-api","timestamp":"2026-04-25 11:55:27"}
{"level":"info","message":"Server is running on port 3000","service":"smart-hostel-api","timestamp":"2026-04-25 11:56:05"}
{"level":"info","message":"Environment: production","service":"smart-hostel-api","timestamp":"2026-04-25 11:56:05"}
{"level":"info","message":"Connected to MongoDB","service":"smart-hostel-api","timestamp":"2026-04-25 11:56:05"}
{"level":"info","message":"Connected to MongoDB","service":"smart-hostel-api","timestamp":"2026-04-25 11:56:05"}
{"level":"info","message":"Server is running on port 3000","service":"smart-hostel-api","timestamp":"2026-04-25 12:01:12"}
{"level":"info","message":"Environment: production","service":"smart-hostel-api","timestamp":"2026-04-25 12:01:12"}
{"level":"info","message":"Connected to MongoDB","service":"smart-hostel-api","timestamp":"2026-04-25 12:01:12"}
{"level":"info","message":"Connected to MongoDB","service":"smart-hostel-api","timestamp":"2026-04-25 12:01:12"}
{"level":"info","message":"Server is running on port 3000","service":"smart-hostel-api","timestamp":"2026-04-25 12:02:29"}
{"level":"info","message":"Environment: production","service":"smart-hostel-api","timestamp":"2026-04-25 12:02:29"}
{"level":"info","message":"Connected to MongoDB","service":"smart-hostel-api","timestamp":"2026-04-25 12:02:29"}
{"level":"info","message":"Connected to MongoDB","service":"smart-hostel-api","timestamp":"2026-04-25 12:02:29"}
{"level":"info","message":"Server is running on port 3000","service":"smart-hostel-api","timestamp":"2026-04-25 12:08:55"}
{"level":"info","message":"Environment: production","service":"smart-hostel-api","timestamp":"2026-04-25 12:08:55"}
{"level":"info","message":"Connected to MongoDB","service":"smart-hostel-api","timestamp":"2026-04-25 12:08:55"}
{"level":"info","message":"Connected to MongoDB","service":"smart-hostel-api","timestamp":"2026-04-25 12:08:55"}
{"level":"info","message":"Server is running on port 3000","service":"smart-hostel-api","timestamp":"2026-04-25 12:10:49"}
{"level":"info","message":"Environment: production","service":"smart-hostel-api","timestamp":"2026-04-25 12:10:49"}
{"level":"info","message":"Connected to MongoDB","service":"smart-hostel-api","timestamp":"2026-04-25 12:10:50"}
{"level":"info","message":"Connected to MongoDB","service":"smart-hostel-api","timestamp":"2026-04-25 12:10:50"}
{"level":"info","message":"Server is running on port 3000","service":"smart-hostel-api","timestamp":"2026-04-25 12:15:51"}
{"level":"info","message":"Environment: production","service":"smart-hostel-api","timestamp":"2026-04-25 12:15:51"}
{"level":"info","message":"Connected to MongoDB","service":"smart-hostel-api","timestamp":"2026-04-25 12:15:51"}
{"level":"info","message":"Connected to MongoDB","service":"smart-hostel-api","timestamp":"2026-04-25 12:15:51"}
{"level":"info","message":"Server is running on port 3000","service":"smart-hostel-api","timestamp":"2026-04-25 12:17:27"}
{"level":"info","message":"Environment: production","service":"smart-hostel-api","timestamp":"2026-04-25 12:17:27"}
{"level":"info","message":"Connected to MongoDB","service":"smart-hostel-api","timestamp":"2026-04-25 12:17:27"}
{"level":"info","message":"Connected to MongoDB","service":"smart-hostel-api","timestamp":"2026-04-25 12:17:27"}
{"level":"info","message":"Admin user created","service":"smart-hostel-api","timestamp":"2026-04-25 12:17:27"}
{"level":"info","message":"Server is running on port 3000","service":"smart-hostel-api","timestamp":"2026-05-02 14:20:48"}
{"level":"info","message":"Environment: production","service":"smart-hostel-api","timestamp":"2026-05-02 14:20:48"}
{"level":"info","message":"Server is running on port 3000","service":"smart-hostel-api","timestamp":"2026-05-02 14:38:55"}
{"level":"info","message":"Environment: production","service":"smart-hostel-api","timestamp":"2026-05-02 14:38:55"}
{"level":"info","message":"Server is running on port 3000","service":"smart-hostel-api","timestamp":"2026-05-02 14:54:37"}
{"level":"info","message":"Environment: production","service":"smart-hostel-api","timestamp":"2026-05-02 14:54:37"}
{"level":"info","message":"Server is running on port 3000","service":"smart-hostel-api","timestamp":"2026-05-02 15:03:58"}
{"level":"info","message":"Environment: production","service":"smart-hostel-api","timestamp":"2026-05-02 15:03:58"}
{"level":"info","message":"Server is running on port 3000","service":"smart-hostel-api","timestamp":"2026-05-02 17:38:51"}
{"level":"info","message":"Environment: production","service":"smart-hostel-api","timestamp":"2026-05-02 17:38:51"}
{"level":"info","message":"Server is running on port 3000","service":"smart-hostel-api","timestamp":"2026-05-02 18:19:29"}
{"level":"info","message":"Environment: production","service":"smart-hostel-api","timestamp":"2026-05-02 18:19:29"}
{"level":"info","message":"Server is running on port 3000","service":"smart-hostel-api","timestamp":"2026-05-06 10:07:04"}
{"level":"info","message":"Environment: production","service":"smart-hostel-api","timestamp":"2026-05-06 10:07:04"}
{"level":"error","message":"Error initializing sample data: Invalid scheme, expected connection string to start with \"mongodb://\" or \"mongodb+srv://\"","service":"smart-hostel-api","stack":"MongoParseError: Invalid scheme, expected connection string to start with \"mongodb://\" or \"mongodb+srv://\"\n    at new ConnectionString (D:\\Files\\EDUCATION\\Smart-hostel-main\\node_modules\\mongodb-connection-string-url\\lib\\index.js:86:19)\n    at parseOptions (D:\\Files\\EDUCATION\\Smart-hostel-main\\node_modules\\mongodb\\lib\\connection_string.js:198:17)\n    at new MongoClient (D:\\Files\\EDUCATION\\Smart-hostel-main\\node_modules\\mongodb\\lib\\mongo_client.js:66:61)\n    at NativeConnection.createClient (D:\\Files\\EDUCATION\\Smart-hostel-main\\node_modules\\mongoose\\lib\\drivers\\node-mongodb-native\\connection.js:343:14)\n    at NativeConnection.openUri (D:\\Files\\EDUCATION\\Smart-hostel-main\\node_modules\\mongoose\\lib\\connection.js:1071:34)\n    at Mongoose.connect (D:\\Files\\EDUCATION\\Smart-hostel-main\\node_modules\\mongoose\\lib\\mongoose.js:450:15)\n    at connectToDatabase (D:\\Files\\EDUCATION\\Smart-hostel-main\\src\\lib\\db.js:29:35)\n    at initSampleData (D:\\Files\\EDUCATION\\Smart-hostel-main\\src\\server.js:130:15)\n    at Object.<anonymous> (D:\\Files\\EDUCATION\\Smart-hostel-main\\src\\server.js:185:1)\n    at Module._compile (node:internal/modules/cjs/loader:1730:14)","timestamp":"2026-05-06 10:07:04"}
{"level":"error","message":"Database connection error: Invalid scheme, expected connection string to start with \"mongodb://\" or \"mongodb+srv://\"","service":"smart-hostel-api","stack":"MongoParseError: Invalid scheme, expected connection string to start with \"mongodb://\" or \"mongodb+srv://\"\n    at new ConnectionString (D:\\Files\\EDUCATION\\Smart-hostel-main\\node_modules\\mongodb-connection-string-url\\lib\\index.js:86:19)\n    at parseOptions (D:\\Files\\EDUCATION\\Smart-hostel-main\\node_modules\\mongodb\\lib\\connection_string.js:198:17)\n    at new MongoClient (D:\\Files\\EDUCATION\\Smart-hostel-main\\node_modules\\mongodb\\lib\\mongo_client.js:66:61)\n    at NativeConnection.createClient (D:\\Files\\EDUCATION\\Smart-hostel-main\\node_modules\\mongoose\\lib\\drivers\\node-mongodb-native\\connection.js:343:14)\n    at NativeConnection.openUri (D:\\Files\\EDUCATION\\Smart-hostel-main\\node_modules\\mongoose\\lib\\connection.js:1071:34)\n    at Mongoose.connect (D:\\Files\\EDUCATION\\Smart-hostel-main\\node_modules\\mongoose\\lib\\mongoose.js:450:15)\n    at connectToDatabase (D:\\Files\\EDUCATION\\Smart-hostel-main\\src\\lib\\db.js:29:35)\n    at D:\\Files\\EDUCATION\\Smart-hostel-main\\src\\server.js:82:15\n    at Layer.handle [as handle_request] (D:\\Files\\EDUCATION\\Smart-hostel-main\\node_modules\\express\\lib\\router\\layer.js:95:5)\n    at trim_prefix (D:\\Files\\EDUCATION\\Smart-hostel-main\\node_modules\\express\\lib\\router\\index.js:328:13)","timestamp":"2026-05-06 10:07:43"}
{"level":"error","message":"Database connection error: Invalid scheme, expected connection string to start with \"mongodb://\" or \"mongodb+srv://\"","service":"smart-hostel-api","stack":"MongoParseError: Invalid scheme, expected connection string to start with \"mongodb://\" or \"mongodb+srv://\"\n    at new ConnectionString (D:\\Files\\EDUCATION\\Smart-hostel-main\\node_modules\\mongodb-connection-string-url\\lib\\index.js:86:19)\n    at parseOptions (D:\\Files\\EDUCATION\\Smart-hostel-main\\node_modules\\mongodb\\lib\\connection_string.js:198:17)\n    at new MongoClient (D:\\Files\\EDUCATION\\Smart-hostel-main\\node_modules\\mongodb\\lib\\mongo_client.js:66:61)\n    at NativeConnection.createClient (D:\\Files\\EDUCATION\\Smart-hostel-main\\node_modules\\mongoose\\lib\\drivers\\node-mongodb-native\\connection.js:343:14)\n    at NativeConnection.openUri (D:\\Files\\EDUCATION\\Smart-hostel-main\\node_modules\\mongoose\\lib\\connection.js:1071:34)\n    at Mongoose.connect (D:\\Files\\EDUCATION\\Smart-hostel-main\\node_modules\\mongoose\\lib\\mongoose.js:450:15)\n    at connectToDatabase (D:\\Files\\EDUCATION\\Smart-hostel-main\\src\\lib\\db.js:29:35)\n    at D:\\Files\\EDUCATION\\Smart-hostel-main\\src\\server.js:82:15\n    at Layer.handle [as handle_request] (D:\\Files\\EDUCATION\\Smart-hostel-main\\node_modules\\express\\lib\\router\\layer.js:95:5)\n    at trim_prefix (D:\\Files\\EDUCATION\\Smart-hostel-main\\node_modules\\express\\lib\\router\\index.js:328:13)","timestamp":"2026-05-06 10:07:45"}
{"level":"info","message":"Server is running on port 3000","service":"smart-hostel-api","timestamp":"2026-05-06 10:08:33"}
{"level":"info","message":"Environment: production","service":"smart-hostel-api","timestamp":"2026-05-06 10:08:33"}
{"level":"info","message":"Admin user created","service":"smart-hostel-api","timestamp":"2026-05-06 10:08:36"}
{"level":"info","message":"Sample data initialized successfully","service":"smart-hostel-api","timestamp":"2026-05-06 10:08:37"}
